Using pre-set license
Built from '2020.3/release' branch; Version is '2020.3.1f1 (77a89f25062f) revision 7841951'; Using compiler version '192528614'; Build Type 'Release'
OS: 'Windows 10 Education; OS build 19041.928; Version 2004; 64bit' Language: 'en' Physical Memory: 16294 MB
BatchMode: 1, IsHumanControllingUs: 0, StartBugReporterOnCrash: 0, Is64bit: 1, IsPro: 0

 COMMAND LINE ARGUMENTS:
C:\Program Files\Unity\Hub\Editor\2020.3.1f1\Editor\Unity.exe
-adb2
-batchMode
-noUpm
-name
AssetImportWorker0
-projectPath
C:/Users/GameDesign/Documents/Git Projects/Hank/HandyHank/Handy Hank
-logFile
Logs/AssetImportWorker0.log
-srvPort
54450
Successfully changed project path to: C:/Users/GameDesign/Documents/Git Projects/Hank/HandyHank/Handy Hank
C:/Users/GameDesign/Documents/Git Projects/Hank/HandyHank/Handy Hank
Using Asset Import Pipeline V2.
Refreshing native plugins compatible for Editor in 45.43 ms, found 1 plugins.
Preloading 0 native plugins for Editor in 0.00 ms.
Initialize engine version: 2020.3.1f1 (77a89f25062f)
[Subsystems] Discovering subsystems at path C:/Program Files/Unity/Hub/Editor/2020.3.1f1/Editor/Data/Resources/UnitySubsystems
[Subsystems] Discovering subsystems at path C:/Users/GameDesign/Documents/Git Projects/Hank/HandyHank/Handy Hank/Assets
GfxDevice: creating device client; threaded=0
Direct3D:
    Version:  Direct3D 11.0 [level 11.1]
    Renderer: NVIDIA GeForce RTX 2060 (ID=0x1e89)
    Vendor:   
    VRAM:     5968 MB
    Driver:   27.21.14.6089
Shader 'Universal Render Pipeline/Particles/Lit': fallback shader 'Universal Render Pipeline/Particles/SimpleLit' not found
Initialize mono
Mono path[0] = 'C:/Program Files/Unity/Hub/Editor/2020.3.1f1/Editor/Data/Managed'
Mono path[1] = 'C:/Program Files/Unity/Hub/Editor/2020.3.1f1/Editor/Data/MonoBleedingEdge/lib/mono/unityjit'
Mono config path = 'C:/Program Files/Unity/Hub/Editor/2020.3.1f1/Editor/Data/MonoBleedingEdge/etc'
Using monoOptions --debugger-agent=transport=dt_socket,embedding=1,server=y,suspend=n,address=127.0.0.1:56224
Begin MonoManager ReloadAssembly
Registering precompiled unity dll's ...
Register platform support module: C:/Program Files/Unity/Hub/Editor/2020.3.1f1/Editor/Data/PlaybackEngines/WindowsStandaloneSupport/UnityEditor.WindowsStandalone.Extensions.dll
Registered in 0.001307 seconds.
Native extension for WindowsStandalone target not found
Refreshing native plugins compatible for Editor in 47.54 ms, found 1 plugins.
Preloading 0 native plugins for Editor in 0.00 ms.
Invoked RoslynAnalysisRunner static constructor.
RoslynAnalysisRunner will not be running.
RoslynAnalysisRunner has terminated.
Mono: successfully reloaded assembly
- Completed reload, in  0.782 seconds
Platform modules already initialized, skipping
Registering precompiled user dll's ...
Registered in 0.001127 seconds.
Begin MonoManager ReloadAssembly
Native extension for WindowsStandalone target not found
Refreshing native plugins compatible for Editor in 47.36 ms, found 1 plugins.
Preloading 0 native plugins for Editor in 0.00 ms.
Invoked RoslynAnalysisRunner static constructor.
RoslynAnalysisRunner will not be running.
RoslynAnalysisRunner has terminated.
Mono: successfully reloaded assembly
- Completed reload, in  0.804 seconds
Platform modules already initialized, skipping
========================================================================
Worker process is ready to serve import requests
Shader 'Universal Render Pipeline/Particles/Lit': fallback shader 'Universal Render Pipeline/Particles/SimpleLit' not found
Launched and connected shader compiler UnityShaderCompiler.exe after 0.03 seconds
Refreshing native plugins compatible for Editor in 0.52 ms, found 1 plugins.
Preloading 0 native plugins for Editor in 0.00 ms.
Unloading 2982 Unused Serialized files (Serialized files now loaded: 0)
System memory in use before: 132.9 MB.
System memory in use after: 133.1 MB.

Unloading 20 unused Assets to reduce memory usage. Loaded Objects now: 3440.
Total: 2.731500 ms (FindLiveObjects: 0.563800 ms CreateObjectMapping: 0.201500 ms MarkObjects: 1.881800 ms  DeleteObjects: 0.082400 ms)

========================================================================
Received Import Request.
  path: Assets/Sprites/Tilemaps/1024x1024 16x16 chunks test.png
  artifactKey: Guid(97557e2877229ed499376e7a9dae9412) Importer(815301076,1909f56bfc062723c751e8b465ee728b)
Start importing Assets/Sprites/Tilemaps/1024x1024 16x16 chunks test.png using Guid(97557e2877229ed499376e7a9dae9412) Importer(815301076,1909f56bfc062723c751e8b465ee728b)  -> (artifact id: 'bfae5ba94d3882c29a172098bbe1ea83') in 0.098120 seconds
  Import took 0.102203 seconds .

========================================================================
Received Import Request.
  Time since last request: 0.000307 seconds.
  path: Assets/Sprites/Tilemaps/Chunk test palette.prefab
  artifactKey: Guid(01c5afbaa7707dd478a92f6830e42dcc) Importer(815301076,1909f56bfc062723c751e8b465ee728b)
Start importing Assets/Sprites/Tilemaps/Chunk test palette.prefab using Guid(01c5afbaa7707dd478a92f6830e42dcc) Importer(815301076,1909f56bfc062723c751e8b465ee728b)  -> (artifact id: '4663c83d709874fc06a8b6df906e2c31') in 0.011779 seconds
  Import took 0.015598 seconds .

========================================================================
Received Import Request.
  Time since last request: 3.881958 seconds.
  path: Assets/Sprites/Tilemaps/Tiles/ChunkTestTiles
  artifactKey: Guid(4066a2cf7e56c4046b5ab88a241661ed) Importer(815301076,1909f56bfc062723c751e8b465ee728b)
Start importing Assets/Sprites/Tilemaps/Tiles/ChunkTestTiles using Guid(4066a2cf7e56c4046b5ab88a241661ed) Importer(815301076,1909f56bfc062723c751e8b465ee728b)  -> (artifact id: 'efdd6228567f449bd53d6eabcf47fc4c') in 0.005223 seconds
  Import took 0.009629 seconds .

========================================================================
Received Import Request.
  Time since last request: 0.783735 seconds.
  path: Assets/Sprites/Tilemaps/Tiles/ChunkTestTiles/1024x1024 16x16 chunks test_0.asset
  artifactKey: Guid(c9ebfdcc0fc233f4399fd4edca88a93b) Importer(815301076,1909f56bfc062723c751e8b465ee728b)
Start importing Assets/Sprites/Tilemaps/Tiles/ChunkTestTiles/1024x1024 16x16 chunks test_0.asset using Guid(c9ebfdcc0fc233f4399fd4edca88a93b) Importer(815301076,1909f56bfc062723c751e8b465ee728b)  -> (artifact id: 'ec6d990778ec8b8919e144e548de750a') in 0.019410 seconds
  Import took 0.023595 seconds .

========================================================================
Received Import Request.
  Time since last request: 0.000257 seconds.
  path: Assets/Sprites/Tilemaps/Tiles/ChunkTestTiles/1024x1024 16x16 chunks test_6.asset
  artifactKey: Guid(d98088fe22e6d914c8f4b1f58832adfb) Importer(815301076,1909f56bfc062723c751e8b465ee728b)
Start importing Assets/Sprites/Tilemaps/Tiles/ChunkTestTiles/1024x1024 16x16 chunks test_6.asset using Guid(d98088fe22e6d914c8f4b1f58832adfb) Importer(815301076,1909f56bfc062723c751e8b465ee728b)  -> (artifact id: 'fc57c8aacf725f1978f0dc37f5c786f1') in 0.022080 seconds
  Import took 0.026371 seconds .

========================================================================
Received Import Request.
  Time since last request: 0.000231 seconds.
  path: Assets/Sprites/Tilemaps/Tiles/ChunkTestTiles/1024x1024 16x16 chunks test_3.asset
  artifactKey: Guid(f7cb3036a8863ba4ab09fa05898ca6ae) Importer(815301076,1909f56bfc062723c751e8b465ee728b)
Start importing Assets/Sprites/Tilemaps/Tiles/ChunkTestTiles/1024x1024 16x16 chunks test_3.asset using Guid(f7cb3036a8863ba4ab09fa05898ca6ae) Importer(815301076,1909f56bfc062723c751e8b465ee728b)  -> (artifact id: '1d2e8c18407574e44facd5c686f28ab3') in 0.013618 seconds
  Import took 0.017919 seconds .

========================================================================
Received Import Request.
  Time since last request: 0.000258 seconds.
  path: Assets/Sprites/Tilemaps/Tiles/ChunkTestTiles/1024x1024 16x16 chunks test_10.asset
  artifactKey: Guid(baf05baaa57d57143a99534ea5b5f5fc) Importer(815301076,1909f56bfc062723c751e8b465ee728b)
Start importing Assets/Sprites/Tilemaps/Tiles/ChunkTestTiles/1024x1024 16x16 chunks test_10.asset using Guid(baf05baaa57d57143a99534ea5b5f5fc) Importer(815301076,1909f56bfc062723c751e8b465ee728b)  -> (artifact id: 'ba74fcca76c2d6d209be83a907d0bfe0') in 0.019905 seconds
  Import took 0.024986 seconds .

========================================================================
Received Import Request.
  Time since last request: 0.000262 seconds.
  path: Assets/Sprites/Tilemaps/Tiles/ChunkTestTiles/1024x1024 16x16 chunks test_11.asset
  artifactKey: Guid(ff45a7634ad7e7848b367694c8136a22) Importer(815301076,1909f56bfc062723c751e8b465ee728b)
Start importing Assets/Sprites/Tilemaps/Tiles/ChunkTestTiles/1024x1024 16x16 chunks test_11.asset using Guid(ff45a7634ad7e7848b367694c8136a22) Importer(815301076,1909f56bfc062723c751e8b465ee728b)  -> (artifact id: 'c2c8d4fcfad1c5c904f946b394f112d9') in 0.014027 seconds
  Import took 0.017870 seconds .

========================================================================
Received Import Request.
  Time since last request: 0.000141 seconds.
  path: Assets/Sprites/Tilemaps/Tiles/ChunkTestTiles/1024x1024 16x16 chunks test_7.asset
  artifactKey: Guid(ba943571b4020484b8509a8d6ef8c838) Importer(815301076,1909f56bfc062723c751e8b465ee728b)
Start importing Assets/Sprites/Tilemaps/Tiles/ChunkTestTiles/1024x1024 16x16 chunks test_7.asset using Guid(ba943571b4020484b8509a8d6ef8c838) Importer(815301076,1909f56bfc062723c751e8b465ee728b)  -> (artifact id: '404fe28e273d56cfffc8a6ebb4c2adae') in 0.012806 seconds
  Import took 0.016682 seconds .

========================================================================
Received Import Request.
  Time since last request: 0.000173 seconds.
  path: Assets/Sprites/Tilemaps/Tiles/ChunkTestTiles/1024x1024 16x16 chunks test_1.asset
  artifactKey: Guid(f0eb76dc062471e45af2aebf93ad2222) Importer(815301076,1909f56bfc062723c751e8b465ee728b)
Start importing Assets/Sprites/Tilemaps/Tiles/ChunkTestTiles/1024x1024 16x16 chunks test_1.asset using Guid(f0eb76dc062471e45af2aebf93ad2222) Importer(815301076,1909f56bfc062723c751e8b465ee728b)  -> (artifact id: 'f1e4b88c6319b3d4ce51ce1786e126a1') in 0.012819 seconds
  Import took 0.016580 seconds .

========================================================================
Received Import Request.
  Time since last request: 0.000180 seconds.
  path: Assets/Sprites/Tilemaps/Tiles/ChunkTestTiles/1024x1024 16x16 chunks test_8.asset
  artifactKey: Guid(f52ba1b9bf2b1ee49a0e4e43510f0a47) Importer(815301076,1909f56bfc062723c751e8b465ee728b)
Start importing Assets/Sprites/Tilemaps/Tiles/ChunkTestTiles/1024x1024 16x16 chunks test_8.asset using Guid(f52ba1b9bf2b1ee49a0e4e43510f0a47) Importer(815301076,1909f56bfc062723c751e8b465ee728b)  -> (artifact id: 'd8d5c464b82630a9365bd006b5390390') in 0.016480 seconds
  Import took 0.020132 seconds .

========================================================================
Received Import Request.
  Time since last request: 0.000178 seconds.
  path: Assets/Sprites/Tilemaps/Tiles/ChunkTestTiles/1024x1024 16x16 chunks test_2.asset
  artifactKey: Guid(06ead02928ff83944921b55e7c098cd6) Importer(815301076,1909f56bfc062723c751e8b465ee728b)
Start importing Assets/Sprites/Tilemaps/Tiles/ChunkTestTiles/1024x1024 16x16 chunks test_2.asset using Guid(06ead02928ff83944921b55e7c098cd6) Importer(815301076,1909f56bfc062723c751e8b465ee728b)  -> (artifact id: '0e6c99d73ed1b7ace7ee93c95d4207d5') in 0.012819 seconds
  Import took 0.016556 seconds .

========================================================================
Received Import Request.
  Time since last request: 0.000175 seconds.
  path: Assets/Sprites/Tilemaps/Tiles/ChunkTestTiles/1024x1024 16x16 chunks test_14.asset
  artifactKey: Guid(dcb20711bd02db444b9b3a6875ce603e) Importer(815301076,1909f56bfc062723c751e8b465ee728b)
Start importing Assets/Sprites/Tilemaps/Tiles/ChunkTestTiles/1024x1024 16x16 chunks test_14.asset using Guid(dcb20711bd02db444b9b3a6875ce603e) Importer(815301076,1909f56bfc062723c751e8b465ee728b)  -> (artifact id: 'f9a49a6eb39594db77eb9b29b687eeb4') in 0.012779 seconds
  Import took 0.016700 seconds .

========================================================================
Received Import Request.
  Time since last request: 0.000190 seconds.
  path: Assets/Sprites/Tilemaps/Tiles/ChunkTestTiles/1024x1024 16x16 chunks test_12.asset
  artifactKey: Guid(793f7c112178e49489fa9489cd0b5cf5) Importer(815301076,1909f56bfc062723c751e8b465ee728b)
Start importing Assets/Sprites/Tilemaps/Tiles/ChunkTestTiles/1024x1024 16x16 chunks test_12.asset using Guid(793f7c112178e49489fa9489cd0b5cf5) Importer(815301076,1909f56bfc062723c751e8b465ee728b)  -> (artifact id: '0fc9043d45734c179cfa9d723e4de985') in 0.011599 seconds
  Import took 0.015307 seconds .

========================================================================
Received Import Request.
  Time since last request: 0.000182 seconds.
  path: Assets/Sprites/Tilemaps/Tiles/ChunkTestTiles/1024x1024 16x16 chunks test_5.asset
  artifactKey: Guid(572b726aa7d12114dbab03109d96abb1) Importer(815301076,1909f56bfc062723c751e8b465ee728b)
Start importing Assets/Sprites/Tilemaps/Tiles/ChunkTestTiles/1024x1024 16x16 chunks test_5.asset using Guid(572b726aa7d12114dbab03109d96abb1) Importer(815301076,1909f56bfc062723c751e8b465ee728b)  -> (artifact id: '24d505a6d5ad0bc1405191e225424977') in 0.012612 seconds
  Import took 0.016434 seconds .

========================================================================
Received Import Request.
  Time since last request: 0.000253 seconds.
  path: Assets/Sprites/Tilemaps/Tiles/ChunkTestTiles/1024x1024 16x16 chunks test_9.asset
  artifactKey: Guid(7dc6ea540b9212b489d01cfcb2a1b370) Importer(815301076,1909f56bfc062723c751e8b465ee728b)
Start importing Assets/Sprites/Tilemaps/Tiles/ChunkTestTiles/1024x1024 16x16 chunks test_9.asset using Guid(7dc6ea540b9212b489d01cfcb2a1b370) Importer(815301076,1909f56bfc062723c751e8b465ee728b)  -> (artifact id: '1b6bff4c1fe84533de85212e2e16cc9f') in 0.019911 seconds
  Import took 0.023812 seconds .

========================================================================
Received Import Request.
  Time since last request: 0.000203 seconds.
  path: Assets/Sprites/Tilemaps/Tiles/ChunkTestTiles/1024x1024 16x16 chunks test_13.asset
  artifactKey: Guid(19c2bbad959069f48ada8ce7cb34e3a7) Importer(815301076,1909f56bfc062723c751e8b465ee728b)
Start importing Assets/Sprites/Tilemaps/Tiles/ChunkTestTiles/1024x1024 16x16 chunks test_13.asset using Guid(19c2bbad959069f48ada8ce7cb34e3a7) Importer(815301076,1909f56bfc062723c751e8b465ee728b)  -> (artifact id: 'bb61baece65bd81b7291fbc7279c6c3c') in 0.013259 seconds
  Import took 0.017204 seconds .

========================================================================
Received Import Request.
  Time since last request: 0.000187 seconds.
  path: Assets/Sprites/Tilemaps/Tiles/ChunkTestTiles/1024x1024 16x16 chunks test_15.asset
  artifactKey: Guid(4a1ba1317d3b30748934ed1eb8897cf2) Importer(815301076,1909f56bfc062723c751e8b465ee728b)
Start importing Assets/Sprites/Tilemaps/Tiles/ChunkTestTiles/1024x1024 16x16 chunks test_15.asset using Guid(4a1ba1317d3b30748934ed1eb8897cf2) Importer(815301076,1909f56bfc062723c751e8b465ee728b)  -> (artifact id: '6945cfb1b0651968a0a7e968e82cbc1e') in 0.012833 seconds
  Import took 0.016847 seconds .

========================================================================
Received Import Request.
  Time since last request: 0.000236 seconds.
  path: Assets/Sprites/Tilemaps/Tiles/ChunkTestTiles/1024x1024 16x16 chunks test_4.asset
  artifactKey: Guid(40115ba188c7a4144bcce0128f041acb) Importer(815301076,1909f56bfc062723c751e8b465ee728b)
Start importing Assets/Sprites/Tilemaps/Tiles/ChunkTestTiles/1024x1024 16x16 chunks test_4.asset using Guid(40115ba188c7a4144bcce0128f041acb) Importer(815301076,1909f56bfc062723c751e8b465ee728b)  -> (artifact id: '3e7f6e05a24ad3003e237ec64a9fbc8b') in 0.013185 seconds
  Import took 0.017154 seconds .

========================================================================
Received Prepare
Registering precompiled user dll's ...
Registered in 0.001441 seconds.
Begin MonoManager ReloadAssembly
Native extension for WindowsStandalone target not found
Refreshing native plugins compatible for Editor in 0.45 ms, found 1 plugins.
Preloading 0 native plugins for Editor in 0.00 ms.
Invoked RoslynAnalysisRunner static constructor.
RoslynAnalysisRunner will not be running.
RoslynAnalysisRunner has terminated.
Mono: successfully reloaded assembly
- Completed reload, in  0.760 seconds
Platform modules already initialized, skipping
Shader 'Universal Render Pipeline/Particles/Lit': fallback shader 'Universal Render Pipeline/Particles/SimpleLit' not found
Refreshing native plugins compatible for Editor in 0.45 ms, found 1 plugins.
Preloading 0 native plugins for Editor in 0.00 ms.
Unloading 2857 Unused Serialized files (Serialized files now loaded: 0)
System memory in use before: 128.8 MB.
System memory in use after: 129.0 MB.

Unloading 9 unused Assets to reduce memory usage. Loaded Objects now: 3451.
Total: 2.016700 ms (FindLiveObjects: 0.250900 ms CreateObjectMapping: 0.124200 ms MarkObjects: 1.626500 ms  DeleteObjects: 0.014100 ms)

AssetImportWorkerClient::OnTransportError - code=2 error=End of file
