Using pre-set license
Built from '2020.3/release' branch; Version is '2020.3.1f1 (77a89f25062f) revision 7841951'; Using compiler version '192528614'; Build Type 'Release'
OS: 'Windows 10 Home; OS build 19041.867; Version 2004; 64bit' Language: 'sv' Physical Memory: 16340 MB
BatchMode: 1, IsHumanControllingUs: 0, StartBugReporterOnCrash: 0, Is64bit: 1, IsPro: 0

 COMMAND LINE ARGUMENTS:
C:\Program Files\Unity\Hub\Editor\2020.3.1f1\Editor\Unity.exe
-adb2
-batchMode
-noUpm
-name
AssetImportWorker0
-projectPath
C:/Users/handy/Desktop/Hanky Git shit/HandyHank/Handy Hank
-logFile
Logs/AssetImportWorker0.log
-srvPort
50736
Successfully changed project path to: C:/Users/handy/Desktop/Hanky Git shit/HandyHank/Handy Hank
C:/Users/handy/Desktop/Hanky Git shit/HandyHank/Handy Hank
Using Asset Import Pipeline V2.
Refreshing native plugins compatible for Editor in 44.76 ms, found 1 plugins.
Preloading 0 native plugins for Editor in 0.00 ms.
Initialize engine version: 2020.3.1f1 (77a89f25062f)
[Subsystems] Discovering subsystems at path C:/Program Files/Unity/Hub/Editor/2020.3.1f1/Editor/Data/Resources/UnitySubsystems
[Subsystems] Discovering subsystems at path C:/Users/handy/Desktop/Hanky Git shit/HandyHank/Handy Hank/Assets
GfxDevice: creating device client; threaded=0
Direct3D:
    Version:  Direct3D 11.0 [level 11.1]
    Renderer: NVIDIA GeForce GTX 1070 (ID=0x1be1)
    Vendor:   
    VRAM:     8081 MB
    Driver:   27.21.14.5167
Initialize mono
Mono path[0] = 'C:/Program Files/Unity/Hub/Editor/2020.3.1f1/Editor/Data/Managed'
Mono path[1] = 'C:/Program Files/Unity/Hub/Editor/2020.3.1f1/Editor/Data/MonoBleedingEdge/lib/mono/unityjit'
Mono config path = 'C:/Program Files/Unity/Hub/Editor/2020.3.1f1/Editor/Data/MonoBleedingEdge/etc'
Using monoOptions --debugger-agent=transport=dt_socket,embedding=1,server=y,suspend=n,address=127.0.0.1:56912
Begin MonoManager ReloadAssembly
Registering precompiled unity dll's ...
Register platform support module: C:/Program Files/Unity/Hub/Editor/2020.3.1f1/Editor/Data/PlaybackEngines/WindowsStandaloneSupport/UnityEditor.WindowsStandalone.Extensions.dll
Registered in 0.002389 seconds.
Native extension for WindowsStandalone target not found
Refreshing native plugins compatible for Editor in 49.51 ms, found 1 plugins.
Preloading 0 native plugins for Editor in 0.00 ms.
Invoked RoslynAnalysisRunner static constructor.
RoslynAnalysisRunner will not be running.
RoslynAnalysisRunner has terminated.
Mono: successfully reloaded assembly
- Completed reload, in  1.273 seconds
Platform modules already initialized, skipping
Registering precompiled user dll's ...
Registered in 0.001256 seconds.
Begin MonoManager ReloadAssembly
Native extension for WindowsStandalone target not found
Refreshing native plugins compatible for Editor in 44.99 ms, found 1 plugins.
Preloading 0 native plugins for Editor in 0.00 ms.
Invoked RoslynAnalysisRunner static constructor.
RoslynAnalysisRunner will not be running.
RoslynAnalysisRunner has terminated.
Mono: successfully reloaded assembly
- Completed reload, in  1.126 seconds
Platform modules already initialized, skipping
========================================================================
Worker process is ready to serve import requests
Launched and connected shader compiler UnityShaderCompiler.exe after 0.06 seconds
Refreshing native plugins compatible for Editor in 0.69 ms, found 1 plugins.
Preloading 0 native plugins for Editor in 0.00 ms.
Unloading 1841 Unused Serialized files (Serialized files now loaded: 0)
System memory in use before: 88.9 MB.
System memory in use after: 89.0 MB.

Unloading 19 unused Assets to reduce memory usage. Loaded Objects now: 2299.
Total: 4.760300 ms (FindLiveObjects: 0.414500 ms CreateObjectMapping: 0.437700 ms MarkObjects: 3.794500 ms  DeleteObjects: 0.111800 ms)

========================================================================
Received Import Request.
  path: Assets/Scenes/TestScenes
  artifactKey: Guid(611dbbc18c8f1a245bae03d337dfcd22) Importer(815301076,1909f56bfc062723c751e8b465ee728b)
Start importing Assets/Scenes/TestScenes using Guid(611dbbc18c8f1a245bae03d337dfcd22) Importer(815301076,1909f56bfc062723c751e8b465ee728b)  -> (artifact id: '615b745ce55a1af42f244e2c0d4e88e3') in 0.010293 seconds
  Import took 0.013713 seconds .

========================================================================
Received Import Request.
  Time since last request: 14.401873 seconds.
  path: Assets/Scenes/TestScenes/TorTest.unity
  artifactKey: Guid(b50f1a7d1fdd3f041b35d59c9acf866d) Importer(815301076,1909f56bfc062723c751e8b465ee728b)
Start importing Assets/Scenes/TestScenes/TorTest.unity using Guid(b50f1a7d1fdd3f041b35d59c9acf866d) Importer(815301076,1909f56bfc062723c751e8b465ee728b)  -> (artifact id: '6d2cbfdf5d9b290854e086f3f27e5596') in 0.025562 seconds
  Import took 0.029835 seconds .

========================================================================
Received Prepare
Registering precompiled user dll's ...
Registered in 0.001164 seconds.
Begin MonoManager ReloadAssembly
Native extension for WindowsStandalone target not found
Refreshing native plugins compatible for Editor in 0.37 ms, found 1 plugins.
Preloading 0 native plugins for Editor in 0.00 ms.
Invoked RoslynAnalysisRunner static constructor.
RoslynAnalysisRunner will not be running.
RoslynAnalysisRunner has terminated.
Mono: successfully reloaded assembly
- Completed reload, in  1.138 seconds
Platform modules already initialized, skipping
Refreshing native plugins compatible for Editor in 0.41 ms, found 1 plugins.
Preloading 0 native plugins for Editor in 0.00 ms.
Unloading 1819 Unused Serialized files (Serialized files now loaded: 0)
System memory in use before: 87.6 MB.
System memory in use after: 87.7 MB.

Unloading 8 unused Assets to reduce memory usage. Loaded Objects now: 2302.
Total: 2.354600 ms (FindLiveObjects: 0.314800 ms CreateObjectMapping: 0.106800 ms MarkObjects: 1.896300 ms  DeleteObjects: 0.035500 ms)

========================================================================
Received Import Request.
  Time since last request: 83.959287 seconds.
  path: Assets/Sprites/Trees/Materials/Stortrad.mat
  artifactKey: Guid(2f8eaa71a760fe14db5461e9512e8434) Importer(815301076,1909f56bfc062723c751e8b465ee728b)
Start importing Assets/Sprites/Trees/Materials/Stortrad.mat using Guid(2f8eaa71a760fe14db5461e9512e8434) Importer(815301076,1909f56bfc062723c751e8b465ee728b)  -> (artifact id: '3d62db6c95c9214e24e9b12d00aabf2f') in 0.140632 seconds
  Import took 0.144943 seconds .

========================================================================
Received Import Request.
  Time since last request: 2643.518566 seconds.
  path: Assets/Sprites/Tilemaps/1024x1024 16x16 chunks test.png
  artifactKey: Guid(97557e2877229ed499376e7a9dae9412) Importer(815301076,1909f56bfc062723c751e8b465ee728b)
Start importing Assets/Sprites/Tilemaps/1024x1024 16x16 chunks test.png using Guid(97557e2877229ed499376e7a9dae9412) Importer(815301076,1909f56bfc062723c751e8b465ee728b)  -> (artifact id: '0a82b810d3c3a042b9c2ba1ecb55b6a1') in 0.114782 seconds
  Import took 0.120065 seconds .

========================================================================
Received Import Request.
  Time since last request: 0.011616 seconds.
  path: Assets/Sprites/Tilemaps/1024x1024 16x16 chunks test.png
  artifactKey: Guid(97557e2877229ed499376e7a9dae9412) Importer(815301076,1909f56bfc062723c751e8b465ee728b)
Start importing Assets/Sprites/Tilemaps/1024x1024 16x16 chunks test.png using Guid(97557e2877229ed499376e7a9dae9412) Importer(815301076,1909f56bfc062723c751e8b465ee728b)  -> (artifact id: '0a82b810d3c3a042b9c2ba1ecb55b6a1') in 0.014327 seconds
  Import took 0.018639 seconds .

========================================================================
Received Import Request.
  Time since last request: 34.831241 seconds.
  path: Assets/Sprites/Tilemaps/Chunk test palette.prefab
  artifactKey: Guid(01c5afbaa7707dd478a92f6830e42dcc) Importer(815301076,1909f56bfc062723c751e8b465ee728b)
Start importing Assets/Sprites/Tilemaps/Chunk test palette.prefab using Guid(01c5afbaa7707dd478a92f6830e42dcc) Importer(815301076,1909f56bfc062723c751e8b465ee728b)  -> (artifact id: 'af9b69ca6514244411e80067c01317a7') in 0.030362 seconds
  Import took 0.034183 seconds .

========================================================================
Received Import Request.
  Time since last request: 102.168743 seconds.
  path: Assets/Sprites/Tilemaps/1024x1024 16x16 chunks test.png
  artifactKey: Guid(97557e2877229ed499376e7a9dae9412) Importer(815301076,1909f56bfc062723c751e8b465ee728b)
Start importing Assets/Sprites/Tilemaps/1024x1024 16x16 chunks test.png using Guid(97557e2877229ed499376e7a9dae9412) Importer(815301076,1909f56bfc062723c751e8b465ee728b)  -> (artifact id: 'ff044e09e77e6a51cca056538a78ed5b') in 0.043049 seconds
  Import took 0.049332 seconds .

========================================================================
Received Import Request.
  Time since last request: 31.136062 seconds.
  path: Assets/Sprites/Tilemaps/1024x1024 16x16 chunks test.png
  artifactKey: Guid(97557e2877229ed499376e7a9dae9412) Importer(815301076,1909f56bfc062723c751e8b465ee728b)
Start importing Assets/Sprites/Tilemaps/1024x1024 16x16 chunks test.png using Guid(97557e2877229ed499376e7a9dae9412) Importer(815301076,1909f56bfc062723c751e8b465ee728b)  -> (artifact id: '750984d28f97248d746342556eaf04f1') in 0.077892 seconds
  Import took 0.081241 seconds .

========================================================================
Received Import Request.
  Time since last request: 85.790161 seconds.
  path: Assets/Sprites/Tilemaps/Chunk test palette.prefab
  artifactKey: Guid(01c5afbaa7707dd478a92f6830e42dcc) Importer(815301076,1909f56bfc062723c751e8b465ee728b)
Start importing Assets/Sprites/Tilemaps/Chunk test palette.prefab using Guid(01c5afbaa7707dd478a92f6830e42dcc) Importer(815301076,1909f56bfc062723c751e8b465ee728b)  -> (artifact id: '667f03b1e7d7d8814a70845bddcc743d') in 0.006997 seconds
  Import took 0.011262 seconds .

========================================================================
Received Import Request.
  Time since last request: 140.315217 seconds.
  path: Assets/Prefabs/Interactable.prefab
  artifactKey: Guid(4f6828f7050a2ba4fb658b4a23497cbf) Importer(815301076,1909f56bfc062723c751e8b465ee728b)
Start importing Assets/Prefabs/Interactable.prefab using Guid(4f6828f7050a2ba4fb658b4a23497cbf) Importer(815301076,1909f56bfc062723c751e8b465ee728b)  -> (artifact id: 'e2494351785bb7970fc31912325a4947') in 0.034122 seconds
  Import took 0.039307 seconds .

========================================================================
Received Import Request.
  Time since last request: 0.000339 seconds.
  path: Assets/Prefabs/PickupActor.prefab
  artifactKey: Guid(ebafd7ab8935b84458076a21d7dd2fb2) Importer(815301076,1909f56bfc062723c751e8b465ee728b)
Start importing Assets/Prefabs/PickupActor.prefab using Guid(ebafd7ab8935b84458076a21d7dd2fb2) Importer(815301076,1909f56bfc062723c751e8b465ee728b)  -> (artifact id: '697cc59a4a6fe2720153b1b8e1e31c10') in 0.021148 seconds
  Import took 0.024865 seconds .

========================================================================
Received Import Request.
  Time since last request: 0.002185 seconds.
  path: Assets/Prefabs/PickupActor.prefab
  artifactKey: Guid(ebafd7ab8935b84458076a21d7dd2fb2) Importer(815301076,1909f56bfc062723c751e8b465ee728b)
Start importing Assets/Prefabs/PickupActor.prefab using Guid(ebafd7ab8935b84458076a21d7dd2fb2) Importer(815301076,1909f56bfc062723c751e8b465ee728b)  -> (artifact id: '697cc59a4a6fe2720153b1b8e1e31c10') in 0.013967 seconds
  Import took 0.018164 seconds .

========================================================================
Received Prepare
Registering precompiled user dll's ...
Registered in 0.001092 seconds.
Begin MonoManager ReloadAssembly
Native extension for WindowsStandalone target not found
Refreshing native plugins compatible for Editor in 0.42 ms, found 1 plugins.
Preloading 0 native plugins for Editor in 0.00 ms.
Invoked RoslynAnalysisRunner static constructor.
RoslynAnalysisRunner will not be running.
RoslynAnalysisRunner has terminated.
Mono: successfully reloaded assembly
- Completed reload, in  1.034 seconds
Platform modules already initialized, skipping
Refreshing native plugins compatible for Editor in 0.43 ms, found 1 plugins.
Preloading 0 native plugins for Editor in 0.00 ms.
Unloading 1819 Unused Serialized files (Serialized files now loaded: 0)
System memory in use before: 91.0 MB.
System memory in use after: 91.1 MB.

Unloading 8 unused Assets to reduce memory usage. Loaded Objects now: 2347.
Total: 2.433100 ms (FindLiveObjects: 0.349100 ms CreateObjectMapping: 0.150400 ms MarkObjects: 1.901200 ms  DeleteObjects: 0.031200 ms)

========================================================================
Received Prepare
Registering precompiled user dll's ...
Registered in 0.121455 seconds.
Begin MonoManager ReloadAssembly
Native extension for WindowsStandalone target not found
Refreshing native plugins compatible for Editor in 0.49 ms, found 1 plugins.
Preloading 0 native plugins for Editor in 0.00 ms.
Invoked RoslynAnalysisRunner static constructor.
RoslynAnalysisRunner will not be running.
RoslynAnalysisRunner has terminated.
Mono: successfully reloaded assembly
- Completed reload, in  5.609 seconds
Platform modules already initialized, skipping
Refreshing native plugins compatible for Editor in 0.47 ms, found 1 plugins.
Preloading 0 native plugins for Editor in 0.00 ms.
Unloading 1819 Unused Serialized files (Serialized files now loaded: 0)
System memory in use before: 91.0 MB.
System memory in use after: 91.1 MB.

Unloading 8 unused Assets to reduce memory usage. Loaded Objects now: 2350.
Total: 2.372200 ms (FindLiveObjects: 0.308100 ms CreateObjectMapping: 0.105600 ms MarkObjects: 1.919200 ms  DeleteObjects: 0.038200 ms)

========================================================================
Received Prepare
Registering precompiled user dll's ...
Registered in 0.002143 seconds.
Begin MonoManager ReloadAssembly
Native extension for WindowsStandalone target not found
Refreshing native plugins compatible for Editor in 0.42 ms, found 1 plugins.
Preloading 0 native plugins for Editor in 0.00 ms.
Invoked RoslynAnalysisRunner static constructor.
RoslynAnalysisRunner will not be running.
RoslynAnalysisRunner has terminated.
Mono: successfully reloaded assembly
- Completed reload, in  1.985 seconds
Platform modules already initialized, skipping
Refreshing native plugins compatible for Editor in 0.49 ms, found 1 plugins.
Preloading 0 native plugins for Editor in 0.00 ms.
Unloading 1819 Unused Serialized files (Serialized files now loaded: 0)
System memory in use before: 91.0 MB.
System memory in use after: 91.2 MB.

Unloading 8 unused Assets to reduce memory usage. Loaded Objects now: 2353.
Total: 4.711900 ms (FindLiveObjects: 0.647900 ms CreateObjectMapping: 0.254900 ms MarkObjects: 3.775800 ms  DeleteObjects: 0.031300 ms)

